[3/26/2020, 10:38:43 AM] [[31mERROR[0m] [
  [32m'Error [getQuickInfoAtPosition]: (undefined) undefined'[39m,
  OperationCanceledException {}
]
[3/26/2020, 10:49:58 AM] [[31mERROR[0m] [
  [32m'Error [getQuickInfoAtPosition]: (undefined) undefined'[39m,
  OperationCanceledException {}
]
[3/26/2020, 10:56:55 AM] [[31mERROR[0m] [
  [32m'Error [getCompletionEntryDetails]: (Error: Debug Failure. False expression: Some exportInfo should match the specified moduleSymbol\n'[39m +
    [32m'    at Object.getImportCompletionAction (/Applications/Visual Studio Code.app/Contents/Resources/app/extensions/node_modules/typescript/lib/tsserver.js:127724:22)\n'[39m +
    [32m'    at getCompletionEntryCodeActionsAndSourceDisplay (/Applications/Visual Studio Code.app/Contents/Resources/app/extensions/node_modules/typescript/lib/tsserver.js:109912:33)\n'[39m +
    [32m'    at Object.getCompletionEntryDetails (/Applications/Visual Studio Code.app/Contents/Resources/app/extensions/node_modules/typescript/lib/tsserver.js:109876:30)\n'[39m +
    [32m'    at Proxy.getCompletionEntryDetails (/Applications/Visual Studio Code.app/Contents/Resources/app/extensions/node_modules/typescript/lib/tsserver.js:135365:35)\n'[39m +
    [32m'    at Proxy.<anonymous> (/Users/cliff/.vscode/extensions/bierner.lit-html-1.11.1/node_modules/typescript-template-language-service-decorator/lib/template-language-service-decorator.js:96:24)\n'[39m +
    [32m'    at TsLitPlugin.getCompletionEntryDetails (/Users/cliff/.vscode/extensions/runem.lit-plugin-1.1.10/node_modules/ts-lit-plugin/lib/ts-lit-plugin/ts-lit-plugin.js:51:34)\n'[39m +
    [32m'    at /Users/cliff/.vscode/extensions/runem.lit-plugin-1.1.10/node_modules/ts-lit-plugin/lib/decorate-language-service.js:110:30\n'[39m +
    [32m'    at nextLanguageService.<computed> (/Users/cliff/.vscode/extensions/runem.lit-plugin-1.1.10/node_modules/ts-lit-plugin/lib/decorate-language-service.js:57:71)\n'[39m +
    [32m'    at Object.getCompletionEntryDetails (/Users/cliff/.vscode/extensions/runem.lit-plugin-1.1.10/node_modules/ts-lit-plugin/lib/decorate-language-service.js:145:26)\n'[39m +
    [32m'    at /Applications/Visual Studio Code.app/Contents/Resources/app/extensions/node_modules/typescript/lib/tsserver.js:145465:57\n'[39m +
    [32m'    at Object.mapDefined (/Applications/Visual Studio Code.app/Contents/Resources/app/extensions/node_modules/typescript/lib/tsserver.js:562:30)\n'[39m +
    [32m'    at IOSession.Session.getCompletionEntryDetails (/Applications/Visual Studio Code.app/Contents/Resources/app/extensions/node_modules/typescript/lib/tsserver.js:145463:33)\n'[39m +
    [32m'    at Session.handlers.ts.createMapFromTemplate._a.<computed> (/Applications/Visual Studio Code.app/Contents/Resources/app/extensions/node_modules/typescript/lib/tsserver.js:144392:61)\n'[39m +
    [32m'    at /Applications/Visual Studio Code.app/Contents/Resources/app/extensions/node_modules/typescript/lib/tsserver.js:146003:88\n'[39m +
    [32m'    at IOSession.Session.executeWithRequestId (/Applications/Visual Studio Code.app/Contents/Resources/app/extensions/node_modules/typescript/lib/tsserver.js:145994:28)\n'[39m +
    [32m'    at IOSession.Session.executeCommand (/Applications/Visual Studio Code.app/Contents/Resources/app/extensions/node_modules/typescript/lib/tsserver.js:146003:33)\n'[39m +
    [32m'    at IOSession.Session.onMessage (/Applications/Visual Studio Code.app/Contents/Resources/app/extensions/node_modules/typescript/lib/tsserver.js:146027:35)\n'[39m +
    [32m'    at Interface.<anonymous> (/Applications/Visual Studio Code.app/Contents/Resources/app/extensions/node_modules/typescript/lib/tsserver.js:147342:27)\n'[39m +
    [32m'    at Interface.emit (events.js:203:13)\n'[39m +
    [32m'    at Interface._onLine (readline.js:316:10)\n'[39m +
    [32m'    at Interface._normalWrite (readline.js:461:12)\n'[39m +
    [32m'    at Socket.ondata (readline.js:172:10)\n'[39m +
    [32m'    at Socket.emit (events.js:203:13)\n'[39m +
    [32m'    at addChunk (_stream_readable.js:295:12)\n'[39m +
    [32m'    at readableAddChunk (_stream_readable.js:276:11)\n'[39m +
    [32m'    at Socket.Readable.push (_stream_readable.js:210:10)\n'[39m +
    [32m'    at Pipe.onStreamRead (internal/stream_base_commons.js:166:17)) Debug Failure. False expression: Some exportInfo should match the specified moduleSymbol'[39m,
  Error: Debug Failure. False expression: Some exportInfo should match the specified moduleSymbol
      at Object.getImportCompletionAction (/Applications/Visual Studio Code.app/Contents/Resources/app/extensions/node_modules/[4mtypescript[24m/lib/tsserver.js:127724:22)
      at getCompletionEntryCodeActionsAndSourceDisplay (/Applications/Visual Studio Code.app/Contents/Resources/app/extensions/node_modules/[4mtypescript[24m/lib/tsserver.js:109912:33)
      at Object.getCompletionEntryDetails (/Applications/Visual Studio Code.app/Contents/Resources/app/extensions/node_modules/[4mtypescript[24m/lib/tsserver.js:109876:30)
      at Proxy.getCompletionEntryDetails (/Applications/Visual Studio Code.app/Contents/Resources/app/extensions/node_modules/[4mtypescript[24m/lib/tsserver.js:135365:35)
      at Proxy.<anonymous> (/Users/cliff/.vscode/extensions/bierner.lit-html-1.11.1/node_modules/[4mtypescript-template-language-service-decorator[24m/lib/template-language-service-decorator.js:96:24)
      at TsLitPlugin.getCompletionEntryDetails (/Users/cliff/.vscode/extensions/runem.lit-plugin-1.1.10/node_modules/[4mts-lit-plugin[24m/lib/ts-lit-plugin/ts-lit-plugin.js:51:34)
      at /Users/cliff/.vscode/extensions/runem.lit-plugin-1.1.10/node_modules/[4mts-lit-plugin[24m/lib/decorate-language-service.js:110:30
      at nextLanguageService.<computed> (/Users/cliff/.vscode/extensions/runem.lit-plugin-1.1.10/node_modules/[4mts-lit-plugin[24m/lib/decorate-language-service.js:57:71)
      at Object.getCompletionEntryDetails (/Users/cliff/.vscode/extensions/runem.lit-plugin-1.1.10/node_modules/[4mts-lit-plugin[24m/lib/decorate-language-service.js:145:26)
      at /Applications/Visual Studio Code.app/Contents/Resources/app/extensions/node_modules/[4mtypescript[24m/lib/tsserver.js:145465:57
      at Object.mapDefined (/Applications/Visual Studio Code.app/Contents/Resources/app/extensions/node_modules/[4mtypescript[24m/lib/tsserver.js:562:30)
      at IOSession.Session.getCompletionEntryDetails (/Applications/Visual Studio Code.app/Contents/Resources/app/extensions/node_modules/[4mtypescript[24m/lib/tsserver.js:145463:33)
      at Session.handlers.ts.createMapFromTemplate._a.<computed> (/Applications/Visual Studio Code.app/Contents/Resources/app/extensions/node_modules/[4mtypescript[24m/lib/tsserver.js:144392:61)
      at /Applications/Visual Studio Code.app/Contents/Resources/app/extensions/node_modules/[4mtypescript[24m/lib/tsserver.js:146003:88
      at IOSession.Session.executeWithRequestId (/Applications/Visual Studio Code.app/Contents/Resources/app/extensions/node_modules/[4mtypescript[24m/lib/tsserver.js:145994:28)
      at IOSession.Session.executeCommand (/Applications/Visual Studio Code.app/Contents/Resources/app/extensions/node_modules/[4mtypescript[24m/lib/tsserver.js:146003:33)
      at IOSession.Session.onMessage (/Applications/Visual Studio Code.app/Contents/Resources/app/extensions/node_modules/[4mtypescript[24m/lib/tsserver.js:146027:35)
      at Interface.<anonymous> (/Applications/Visual Studio Code.app/Contents/Resources/app/extensions/node_modules/[4mtypescript[24m/lib/tsserver.js:147342:27)
  [90m    at Interface.emit (events.js:203:13)[39m
  [90m    at Interface._onLine (readline.js:316:10)[39m
  [90m    at Interface._normalWrite (readline.js:461:12)[39m
  [90m    at Socket.ondata (readline.js:172:10)[39m
  [90m    at Socket.emit (events.js:203:13)[39m
  [90m    at addChunk (_stream_readable.js:295:12)[39m
  [90m    at readableAddChunk (_stream_readable.js:276:11)[39m
  [90m    at Socket.Readable.push (_stream_readable.js:210:10)[39m
  [90m    at Pipe.onStreamRead (internal/stream_base_commons.js:166:17)[39m
]
[3/26/2020, 10:57:27 AM] [[31mERROR[0m] [
  [32m'Error [getCompletionEntryDetails]: (Error: Debug Failure. False expression: Some exportInfo should match the specified moduleSymbol\n'[39m +
    [32m'    at Object.getImportCompletionAction (/Applications/Visual Studio Code.app/Contents/Resources/app/extensions/node_modules/typescript/lib/tsserver.js:127724:22)\n'[39m +
    [32m'    at getCompletionEntryCodeActionsAndSourceDisplay (/Applications/Visual Studio Code.app/Contents/Resources/app/extensions/node_modules/typescript/lib/tsserver.js:109912:33)\n'[39m +
    [32m'    at Object.getCompletionEntryDetails (/Applications/Visual Studio Code.app/Contents/Resources/app/extensions/node_modules/typescript/lib/tsserver.js:109876:30)\n'[39m +
    [32m'    at Proxy.getCompletionEntryDetails (/Applications/Visual Studio Code.app/Contents/Resources/app/extensions/node_modules/typescript/lib/tsserver.js:135365:35)\n'[39m +
    [32m'    at Proxy.<anonymous> (/Users/cliff/.vscode/extensions/bierner.lit-html-1.11.1/node_modules/typescript-template-language-service-decorator/lib/template-language-service-decorator.js:96:24)\n'[39m +
    [32m'    at TsLitPlugin.getCompletionEntryDetails (/Users/cliff/.vscode/extensions/runem.lit-plugin-1.1.10/node_modules/ts-lit-plugin/lib/ts-lit-plugin/ts-lit-plugin.js:51:34)\n'[39m +
    [32m'    at /Users/cliff/.vscode/extensions/runem.lit-plugin-1.1.10/node_modules/ts-lit-plugin/lib/decorate-language-service.js:110:30\n'[39m +
    [32m'    at nextLanguageService.<computed> (/Users/cliff/.vscode/extensions/runem.lit-plugin-1.1.10/node_modules/ts-lit-plugin/lib/decorate-language-service.js:57:71)\n'[39m +
    [32m'    at Object.getCompletionEntryDetails (/Users/cliff/.vscode/extensions/runem.lit-plugin-1.1.10/node_modules/ts-lit-plugin/lib/decorate-language-service.js:145:26)\n'[39m +
    [32m'    at /Applications/Visual Studio Code.app/Contents/Resources/app/extensions/node_modules/typescript/lib/tsserver.js:145465:57\n'[39m +
    [32m'    at Object.mapDefined (/Applications/Visual Studio Code.app/Contents/Resources/app/extensions/node_modules/typescript/lib/tsserver.js:562:30)\n'[39m +
    [32m'    at IOSession.Session.getCompletionEntryDetails (/Applications/Visual Studio Code.app/Contents/Resources/app/extensions/node_modules/typescript/lib/tsserver.js:145463:33)\n'[39m +
    [32m'    at Session.handlers.ts.createMapFromTemplate._a.<computed> (/Applications/Visual Studio Code.app/Contents/Resources/app/extensions/node_modules/typescript/lib/tsserver.js:144392:61)\n'[39m +
    [32m'    at /Applications/Visual Studio Code.app/Contents/Resources/app/extensions/node_modules/typescript/lib/tsserver.js:146003:88\n'[39m +
    [32m'    at IOSession.Session.executeWithRequestId (/Applications/Visual Studio Code.app/Contents/Resources/app/extensions/node_modules/typescript/lib/tsserver.js:145994:28)\n'[39m +
    [32m'    at IOSession.Session.executeCommand (/Applications/Visual Studio Code.app/Contents/Resources/app/extensions/node_modules/typescript/lib/tsserver.js:146003:33)\n'[39m +
    [32m'    at IOSession.Session.onMessage (/Applications/Visual Studio Code.app/Contents/Resources/app/extensions/node_modules/typescript/lib/tsserver.js:146027:35)\n'[39m +
    [32m'    at Interface.<anonymous> (/Applications/Visual Studio Code.app/Contents/Resources/app/extensions/node_modules/typescript/lib/tsserver.js:147342:27)\n'[39m +
    [32m'    at Interface.emit (events.js:203:13)\n'[39m +
    [32m'    at Interface._onLine (readline.js:316:10)\n'[39m +
    [32m'    at Interface._normalWrite (readline.js:461:12)\n'[39m +
    [32m'    at Socket.ondata (readline.js:172:10)\n'[39m +
    [32m'    at Socket.emit (events.js:203:13)\n'[39m +
    [32m'    at addChunk (_stream_readable.js:295:12)\n'[39m +
    [32m'    at readableAddChunk (_stream_readable.js:276:11)\n'[39m +
    [32m'    at Socket.Readable.push (_stream_readable.js:210:10)\n'[39m +
    [32m'    at Pipe.onStreamRead (internal/stream_base_commons.js:166:17)) Debug Failure. False expression: Some exportInfo should match the specified moduleSymbol'[39m,
  Error: Debug Failure. False expression: Some exportInfo should match the specified moduleSymbol
      at Object.getImportCompletionAction (/Applications/Visual Studio Code.app/Contents/Resources/app/extensions/node_modules/[4mtypescript[24m/lib/tsserver.js:127724:22)
      at getCompletionEntryCodeActionsAndSourceDisplay (/Applications/Visual Studio Code.app/Contents/Resources/app/extensions/node_modules/[4mtypescript[24m/lib/tsserver.js:109912:33)
      at Object.getCompletionEntryDetails (/Applications/Visual Studio Code.app/Contents/Resources/app/extensions/node_modules/[4mtypescript[24m/lib/tsserver.js:109876:30)
      at Proxy.getCompletionEntryDetails (/Applications/Visual Studio Code.app/Contents/Resources/app/extensions/node_modules/[4mtypescript[24m/lib/tsserver.js:135365:35)
      at Proxy.<anonymous> (/Users/cliff/.vscode/extensions/bierner.lit-html-1.11.1/node_modules/[4mtypescript-template-language-service-decorator[24m/lib/template-language-service-decorator.js:96:24)
      at TsLitPlugin.getCompletionEntryDetails (/Users/cliff/.vscode/extensions/runem.lit-plugin-1.1.10/node_modules/[4mts-lit-plugin[24m/lib/ts-lit-plugin/ts-lit-plugin.js:51:34)
      at /Users/cliff/.vscode/extensions/runem.lit-plugin-1.1.10/node_modules/[4mts-lit-plugin[24m/lib/decorate-language-service.js:110:30
      at nextLanguageService.<computed> (/Users/cliff/.vscode/extensions/runem.lit-plugin-1.1.10/node_modules/[4mts-lit-plugin[24m/lib/decorate-language-service.js:57:71)
      at Object.getCompletionEntryDetails (/Users/cliff/.vscode/extensions/runem.lit-plugin-1.1.10/node_modules/[4mts-lit-plugin[24m/lib/decorate-language-service.js:145:26)
      at /Applications/Visual Studio Code.app/Contents/Resources/app/extensions/node_modules/[4mtypescript[24m/lib/tsserver.js:145465:57
      at Object.mapDefined (/Applications/Visual Studio Code.app/Contents/Resources/app/extensions/node_modules/[4mtypescript[24m/lib/tsserver.js:562:30)
      at IOSession.Session.getCompletionEntryDetails (/Applications/Visual Studio Code.app/Contents/Resources/app/extensions/node_modules/[4mtypescript[24m/lib/tsserver.js:145463:33)
      at Session.handlers.ts.createMapFromTemplate._a.<computed> (/Applications/Visual Studio Code.app/Contents/Resources/app/extensions/node_modules/[4mtypescript[24m/lib/tsserver.js:144392:61)
      at /Applications/Visual Studio Code.app/Contents/Resources/app/extensions/node_modules/[4mtypescript[24m/lib/tsserver.js:146003:88
      at IOSession.Session.executeWithRequestId (/Applications/Visual Studio Code.app/Contents/Resources/app/extensions/node_modules/[4mtypescript[24m/lib/tsserver.js:145994:28)
      at IOSession.Session.executeCommand (/Applications/Visual Studio Code.app/Contents/Resources/app/extensions/node_modules/[4mtypescript[24m/lib/tsserver.js:146003:33)
      at IOSession.Session.onMessage (/Applications/Visual Studio Code.app/Contents/Resources/app/extensions/node_modules/[4mtypescript[24m/lib/tsserver.js:146027:35)
      at Interface.<anonymous> (/Applications/Visual Studio Code.app/Contents/Resources/app/extensions/node_modules/[4mtypescript[24m/lib/tsserver.js:147342:27)
  [90m    at Interface.emit (events.js:203:13)[39m
  [90m    at Interface._onLine (readline.js:316:10)[39m
  [90m    at Interface._normalWrite (readline.js:461:12)[39m
  [90m    at Socket.ondata (readline.js:172:10)[39m
  [90m    at Socket.emit (events.js:203:13)[39m
  [90m    at addChunk (_stream_readable.js:295:12)[39m
  [90m    at readableAddChunk (_stream_readable.js:276:11)[39m
  [90m    at Socket.Readable.push (_stream_readable.js:210:10)[39m
  [90m    at Pipe.onStreamRead (internal/stream_base_commons.js:166:17)[39m
]
[3/26/2020, 11:14:15 AM] [[31mERROR[0m] [
  [32m'Error [getQuickInfoAtPosition]: (undefined) undefined'[39m,
  OperationCanceledException {}
]
[3/26/2020, 11:16:01 AM] [[31mERROR[0m] [
  [32m'Error [getQuickInfoAtPosition]: (undefined) undefined'[39m,
  OperationCanceledException {}
]
[3/26/2020, 11:19:40 AM] [[31mERROR[0m] [
  [32m'Error [getQuickInfoAtPosition]: (undefined) undefined'[39m,
  OperationCanceledException {}
]
[3/26/2020, 11:19:55 AM] [[31mERROR[0m] [
  [32m'Error [getQuickInfoAtPosition]: (undefined) undefined'[39m,
  OperationCanceledException {}
]
[3/26/2020, 11:22:04 AM] [[31mERROR[0m] [
  [32m'Error [getQuickInfoAtPosition]: (undefined) undefined'[39m,
  OperationCanceledException {}
]
[3/26/2020, 11:58:03 AM] [[31mERROR[0m] [
  [32m'Error [getCompletionEntryDetails]: (undefined) undefined'[39m,
  OperationCanceledException {}
]
[3/26/2020, 12:14:24 PM] [[31mERROR[0m] [
  [32m'Error [getCompletionEntryDetails]: (Error: Debug Failure. Expected 1191 <= 1187\n'[39m +
    [32m'    at Object.assertLessThanOrEqual (/Applications/Visual Studio Code.app/Contents/Resources/app/extensions/node_modules/typescript/lib/tsserver.js:2055:17)\n'[39m +
    [32m'    at createFileDiagnostic (/Applications/Visual Studio Code.app/Contents/Resources/app/extensions/node_modules/typescript/lib/tsserver.js:17233:22)\n'[39m +
    [32m'    at createDiagnosticForNodeInSourceFile (/Applications/Visual Studio Code.app/Contents/Resources/app/extensions/node_modules/typescript/lib/tsserver.js:13300:16)\n'[39m +
    [32m'    at Object.createDiagnosticForNode (/Applications/Visual Studio Code.app/Contents/Resources/app/extensions/node_modules/typescript/lib/tsserver.js:13290:16)\n'[39m +
    [32m'    at error (/Applications/Visual Studio Code.app/Contents/Resources/app/extensions/node_modules/typescript/lib/tsserver.js:34839:22)\n'[39m +
    [32m'    at resolveNameHelper (/Applications/Visual Studio Code.app/Contents/Resources/app/extensions/node_modules/typescript/lib/tsserver.js:35662:29)\n'[39m +
    [32m'    at resolveName (/Applications/Visual Studio Code.app/Contents/Resources/app/extensions/node_modules/typescript/lib/tsserver.js:35338:20)\n'[39m +
    [32m'    at getResolvedSymbol (/Applications/Visual Studio Code.app/Contents/Resources/app/extensions/node_modules/typescript/lib/tsserver.js:51073:21)\n'[39m +
    [32m'    at checkIdentifier (/Applications/Visual Studio Code.app/Contents/Resources/app/extensions/node_modules/typescript/lib/tsserver.js:52850:26)\n'[39m +
    [32m'    at checkExpressionWorker (/Applications/Visual Studio Code.app/Contents/Resources/app/extensions/node_modules/typescript/lib/tsserver.js:59923:28)\n'[39m +
    [32m'    at checkExpression (/Applications/Visual Studio Code.app/Contents/Resources/app/extensions/node_modules/typescript/lib/tsserver.js:59873:38)\n'[39m +
    [32m'    at checkExpressionCached (/Applications/Visual Studio Code.app/Contents/Resources/app/extensions/node_modules/typescript/lib/tsserver.js:59551:38)\n'[39m +
    [32m'    at getTargetOfAliasLikeExpression (/Applications/Visual Studio Code.app/Contents/Resources/app/extensions/node_modules/typescript/lib/tsserver.js:36306:13)\n'[39m +
    [32m'    at getTargetOfExportAssignment (/Applications/Visual Studio Code.app/Contents/Resources/app/extensions/node_modules/typescript/lib/tsserver.js:36291:28)\n'[39m +
    [32m'    at getTargetOfAliasDeclaration (/Applications/Visual Studio Code.app/Contents/Resources/app/extensions/node_modules/typescript/lib/tsserver.js:36336:28)\n'[39m +
    [32m'    at Object.resolveAlias [as getAliasedSymbol] (/Applications/Visual Studio Code.app/Contents/Resources/app/extensions/node_modules/typescript/lib/tsserver.js:36370:30)\n'[39m +
    [32m'    at Object.skipAlias (/Applications/Visual Studio Code.app/Contents/Resources/app/extensions/node_modules/typescript/lib/tsserver.js:16908:61)\n'[39m +
    [32m'    at /Applications/Visual Studio Code.app/Contents/Resources/app/extensions/node_modules/typescript/lib/tsserver.js:110568:37\n'[39m +
    [32m'    at Object.filterMutate (/Applications/Visual Studio Code.app/Contents/Resources/app/extensions/node_modules/typescript/lib/tsserver.js:384:17)\n'[39m +
    [32m'    at filterGlobalCompletion (/Applications/Visual Studio Code.app/Contents/Resources/app/extensions/node_modules/typescript/lib/tsserver.js:110562:20)\n'[39m +
    [32m'    at getGlobalCompletions (/Applications/Visual Studio Code.app/Contents/Resources/app/extensions/node_modules/typescript/lib/tsserver.js:110526:17)\n'[39m +
    [32m'    at tryGetGlobalSymbols (/Applications/Visual Studio Code.app/Contents/Resources/app/extensions/node_modules/typescript/lib/tsserver.js:110418:25)\n'[39m +
    [32m'    at getCompletionData (/Applications/Visual Studio Code.app/Contents/Resources/app/extensions/node_modules/typescript/lib/tsserver.js:110215:22)\n'[39m +
    [32m'    at getSymbolCompletionFromEntryId (/Applications/Visual Studio Code.app/Contents/Resources/app/extensions/node_modules/typescript/lib/tsserver.js:109819:34)\n'[39m +
    [32m'    at Object.getCompletionEntryDetails (/Applications/Visual Studio Code.app/Contents/Resources/app/extensions/node_modules/typescript/lib/tsserver.js:109859:36)\n'[39m +
    [32m'    at Proxy.getCompletionEntryDetails (/Applications/Visual Studio Code.app/Contents/Resources/app/extensions/node_modules/typescript/lib/tsserver.js:135365:35)\n'[39m +
    [32m'    at Proxy.<anonymous> (/Users/cliff/.vscode/extensions/bierner.lit-html-1.11.1/node_modules/typescript-template-language-service-decorator/lib/template-language-service-decorator.js:96:24)\n'[39m +
    [32m'    at TsLitPlugin.getCompletionEntryDetails (/Users/cliff/.vscode/extensions/runem.lit-plugin-1.1.10/node_modules/ts-lit-plugin/lib/ts-lit-plugin/ts-lit-plugin.js:51:34)\n'[39m +
    [32m'    at /Users/cliff/.vscode/extensions/runem.lit-plugin-1.1.10/node_modules/ts-lit-plugin/lib/decorate-language-service.js:110:30\n'[39m +
    [32m'    at nextLanguageService.<computed> (/Users/cliff/.vscode/extensions/runem.lit-plugin-1.1.10/node_modules/ts-lit-plugin/lib/decorate-language-service.js:57:71)\n'[39m +
    [32m'    at Object.getCompletionEntryDetails (/Users/cliff/.vscode/extensions/runem.lit-plugin-1.1.10/node_modules/ts-lit-plugin/lib/decorate-language-service.js:145:26)\n'[39m +
    [32m'    at /Applications/Visual Studio Code.app/Contents/Resources/app/extensions/node_modules/typescript/lib/tsserver.js:145465:57\n'[39m +
    [32m'    at Object.mapDefined (/Applications/Visual Studio Code.app/Contents/Resources/app/extensions/node_modules/typescript/lib/tsserver.js:562:30)\n'[39m +
    [32m'    at IOSession.Session.getCompletionEntryDetails (/Applications/Visual Studio Code.app/Contents/Resources/app/extensions/node_modules/typescript/lib/tsserver.js:145463:33)\n'[39m +
    [32m'    at Session.handlers.ts.createMapFromTemplate._a.<computed> (/Applications/Visual Studio Code.app/Contents/Resources/app/extensions/node_modules/typescript/lib/tsserver.js:144392:61)\n'[39m +
    [32m'    at /Applications/Visual Studio Code.app/Contents/Resources/app/extensions/node_modules/typescript/lib/tsserver.js:146003:88\n'[39m +
    [32m'    at IOSession.Session.executeWithRequestId (/Applications/Visual Studio Code.app/Contents/Resources/app/extensions/node_modules/typescript/lib/tsserver.js:145994:28)\n'[39m +
    [32m'    at IOSession.Session.executeCommand (/Applications/Visual Studio Code.app/Contents/Resources/app/extensions/node_modules/typescript/lib/tsserver.js:146003:33)\n'[39m +
    [32m'    at IOSession.Session.onMessage (/Applications/Visual Studio Code.app/Contents/Resources/app/extensions/node_modules/typescript/lib/tsserver.js:146027:35)\n'[39m +
    [32m'    at Interface.<anonymous> (/Applications/Visual Studio Code.app/Contents/Resources/app/extensions/node_modules/typescript/lib/tsserver.js:147342:27)\n'[39m +
    [32m'    at Interface.emit (events.js:203:13)\n'[39m +
    [32m'    at Interface._onLine (readline.js:316:10)\n'[39m +
    [32m'    at Interface._normalWrite (readline.js:461:12)\n'[39m +
    [32m'    at Socket.ondata (readline.js:172:10)\n'[39m +
    [32m'    at Socket.emit (events.js:203:13)\n'[39m +
    [32m'    at addChunk (_stream_readable.js:295:12)\n'[39m +
    [32m'    at readableAddChunk (_stream_readable.js:276:11)\n'[39m +
    [32m'    at Socket.Readable.push (_stream_readable.js:210:10)\n'[39m +
    [32m'    at Pipe.onStreamRead (internal/stream_base_commons.js:166:17)) Debug Failure. Expected 1191 <= 1187'[39m,
  Error: Debug Failure. Expected 1191 <= 1187
      at Object.assertLessThanOrEqual (/Applications/Visual Studio Code.app/Contents/Resources/app/extensions/node_modules/[4mtypescript[24m/lib/tsserver.js:2055:17)
      at createFileDiagnostic (/Applications/Visual Studio Code.app/Contents/Resources/app/extensions/node_modules/[4mtypescript[24m/lib/tsserver.js:17233:22)
      at createDiagnosticForNodeInSourceFile (/Applications/Visual Studio Code.app/Contents/Resources/app/extensions/node_modules/[4mtypescript[24m/lib/tsserver.js:13300:16)
      at Object.createDiagnosticForNode (/Applications/Visual Studio Code.app/Contents/Resources/app/extensions/node_modules/[4mtypescript[24m/lib/tsserver.js:13290:16)
      at error (/Applications/Visual Studio Code.app/Contents/Resources/app/extensions/node_modules/[4mtypescript[24m/lib/tsserver.js:34839:22)
      at resolveNameHelper (/Applications/Visual Studio Code.app/Contents/Resources/app/extensions/node_modules/[4mtypescript[24m/lib/tsserver.js:35662:29)
      at resolveName (/Applications/Visual Studio Code.app/Contents/Resources/app/extensions/node_modules/[4mtypescript[24m/lib/tsserver.js:35338:20)
      at getResolvedSymbol (/Applications/Visual Studio Code.app/Contents/Resources/app/extensions/node_modules/[4mtypescript[24m/lib/tsserver.js:51073:21)
      at checkIdentifier (/Applications/Visual Studio Code.app/Contents/Resources/app/extensions/node_modules/[4mtypescript[24m/lib/tsserver.js:52850:26)
      at checkExpressionWorker (/Applications/Visual Studio Code.app/Contents/Resources/app/extensions/node_modules/[4mtypescript[24m/lib/tsserver.js:59923:28)
      at checkExpression (/Applications/Visual Studio Code.app/Contents/Resources/app/extensions/node_modules/[4mtypescript[24m/lib/tsserver.js:59873:38)
      at checkExpressionCached (/Applications/Visual Studio Code.app/Contents/Resources/app/extensions/node_modules/[4mtypescript[24m/lib/tsserver.js:59551:38)
      at getTargetOfAliasLikeExpression (/Applications/Visual Studio Code.app/Contents/Resources/app/extensions/node_modules/[4mtypescript[24m/lib/tsserver.js:36306:13)
      at getTargetOfExportAssignment (/Applications/Visual Studio Code.app/Contents/Resources/app/extensions/node_modules/[4mtypescript[24m/lib/tsserver.js:36291:28)
      at getTargetOfAliasDeclaration (/Applications/Visual Studio Code.app/Contents/Resources/app/extensions/node_modules/[4mtypescript[24m/lib/tsserver.js:36336:28)
      at Object.resolveAlias [as getAliasedSymbol] (/Applications/Visual Studio Code.app/Contents/Resources/app/extensions/node_modules/[4mtypescript[24m/lib/tsserver.js:36370:30)
      at Object.skipAlias (/Applications/Visual Studio Code.app/Contents/Resources/app/extensions/node_modules/[4mtypescript[24m/lib/tsserver.js:16908:61)
      at /Applications/Visual Studio Code.app/Contents/Resources/app/extensions/node_modules/[4mtypescript[24m/lib/tsserver.js:110568:37
      at Object.filterMutate (/Applications/Visual Studio Code.app/Contents/Resources/app/extensions/node_modules/[4mtypescript[24m/lib/tsserver.js:384:17)
      at filterGlobalCompletion (/Applications/Visual Studio Code.app/Contents/Resources/app/extensions/node_modules/[4mtypescript[24m/lib/tsserver.js:110562:20)
      at getGlobalCompletions (/Applications/Visual Studio Code.app/Contents/Resources/app/extensions/node_modules/[4mtypescript[24m/lib/tsserver.js:110526:17)
      at tryGetGlobalSymbols (/Applications/Visual Studio Code.app/Contents/Resources/app/extensions/node_modules/[4mtypescript[24m/lib/tsserver.js:110418:25)
      at getCompletionData (/Applications/Visual Studio Code.app/Contents/Resources/app/extensions/node_modules/[4mtypescript[24m/lib/tsserver.js:110215:22)
      at getSymbolCompletionFromEntryId (/Applications/Visual Studio Code.app/Contents/Resources/app/extensions/node_modules/[4mtypescript[24m/lib/tsserver.js:109819:34)
      at Object.getCompletionEntryDetails (/Applications/Visual Studio Code.app/Contents/Resources/app/extensions/node_modules/[4mtypescript[24m/lib/tsserver.js:109859:36)
      at Proxy.getCompletionEntryDetails (/Applications/Visual Studio Code.app/Contents/Resources/app/extensions/node_modules/[4mtypescript[24m/lib/tsserver.js:135365:35)
      at Proxy.<anonymous> (/Users/cliff/.vscode/extensions/bierner.lit-html-1.11.1/node_modules/[4mtypescript-template-language-service-decorator[24m/lib/template-language-service-decorator.js:96:24)
      at TsLitPlugin.getCompletionEntryDetails (/Users/cliff/.vscode/extensions/runem.lit-plugin-1.1.10/node_modules/[4mts-lit-plugin[24m/lib/ts-lit-plugin/ts-lit-plugin.js:51:34)
      at /Users/cliff/.vscode/extensions/runem.lit-plugin-1.1.10/node_modules/[4mts-lit-plugin[24m/lib/decorate-language-service.js:110:30
      at nextLanguageService.<computed> (/Users/cliff/.vscode/extensions/runem.lit-plugin-1.1.10/node_modules/[4mts-lit-plugin[24m/lib/decorate-language-service.js:57:71)
      at Object.getCompletionEntryDetails (/Users/cliff/.vscode/extensions/runem.lit-plugin-1.1.10/node_modules/[4mts-lit-plugin[24m/lib/decorate-language-service.js:145:26)
      at /Applications/Visual Studio Code.app/Contents/Resources/app/extensions/node_modules/[4mtypescript[24m/lib/tsserver.js:145465:57
      at Object.mapDefined (/Applications/Visual Studio Code.app/Contents/Resources/app/extensions/node_modules/[4mtypescript[24m/lib/tsserver.js:562:30)
      at IOSession.Session.getCompletionEntryDetails (/Applications/Visual Studio Code.app/Contents/Resources/app/extensions/node_modules/[4mtypescript[24m/lib/tsserver.js:145463:33)
      at Session.handlers.ts.createMapFromTemplate._a.<computed> (/Applications/Visual Studio Code.app/Contents/Resources/app/extensions/node_modules/[4mtypescript[24m/lib/tsserver.js:144392:61)
      at /Applications/Visual Studio Code.app/Contents/Resources/app/extensions/node_modules/[4mtypescript[24m/lib/tsserver.js:146003:88
      at IOSession.Session.executeWithRequestId (/Applications/Visual Studio Code.app/Contents/Resources/app/extensions/node_modules/[4mtypescript[24m/lib/tsserver.js:145994:28)
      at IOSession.Session.executeCommand (/Applications/Visual Studio Code.app/Contents/Resources/app/extensions/node_modules/[4mtypescript[24m/lib/tsserver.js:146003:33)
      at IOSession.Session.onMessage (/Applications/Visual Studio Code.app/Contents/Resources/app/extensions/node_modules/[4mtypescript[24m/lib/tsserver.js:146027:35)
      at Interface.<anonymous> (/Applications/Visual Studio Code.app/Contents/Resources/app/extensions/node_modules/[4mtypescript[24m/lib/tsserver.js:147342:27)
  [90m    at Interface.emit (events.js:203:13)[39m
  [90m    at Interface._onLine (readline.js:316:10)[39m
  [90m    at Interface._normalWrite (readline.js:461:12)[39m
  [90m    at Socket.ondata (readline.js:172:10)[39m
  [90m    at Socket.emit (events.js:203:13)[39m
  [90m    at addChunk (_stream_readable.js:295:12)[39m
  [90m    at readableAddChunk (_stream_readable.js:276:11)[39m
  [90m    at Socket.Readable.push (_stream_readable.js:210:10)[39m
  [90m    at Pipe.onStreamRead (internal/stream_base_commons.js:166:17)[39m
]
[3/26/2020, 12:14:34 PM] [[31mERROR[0m] [
  [32m'Error [getCompletionEntryDetails]: (Error: Debug Failure. Expected 1191 <= 1187\n'[39m +
    [32m'    at Object.assertLessThanOrEqual (/Applications/Visual Studio Code.app/Contents/Resources/app/extensions/node_modules/typescript/lib/tsserver.js:2055:17)\n'[39m +
    [32m'    at createFileDiagnostic (/Applications/Visual Studio Code.app/Contents/Resources/app/extensions/node_modules/typescript/lib/tsserver.js:17233:22)\n'[39m +
    [32m'    at createDiagnosticForNodeInSourceFile (/Applications/Visual Studio Code.app/Contents/Resources/app/extensions/node_modules/typescript/lib/tsserver.js:13300:16)\n'[39m +
    [32m'    at Object.createDiagnosticForNode (/Applications/Visual Studio Code.app/Contents/Resources/app/extensions/node_modules/typescript/lib/tsserver.js:13290:16)\n'[39m +
    [32m'    at error (/Applications/Visual Studio Code.app/Contents/Resources/app/extensions/node_modules/typescript/lib/tsserver.js:34839:22)\n'[39m +
    [32m'    at resolveNameHelper (/Applications/Visual Studio Code.app/Contents/Resources/app/extensions/node_modules/typescript/lib/tsserver.js:35662:29)\n'[39m +
    [32m'    at resolveName (/Applications/Visual Studio Code.app/Contents/Resources/app/extensions/node_modules/typescript/lib/tsserver.js:35338:20)\n'[39m +
    [32m'    at getResolvedSymbol (/Applications/Visual Studio Code.app/Contents/Resources/app/extensions/node_modules/typescript/lib/tsserver.js:51073:21)\n'[39m +
    [32m'    at checkIdentifier (/Applications/Visual Studio Code.app/Contents/Resources/app/extensions/node_modules/typescript/lib/tsserver.js:52850:26)\n'[39m +
    [32m'    at checkExpressionWorker (/Applications/Visual Studio Code.app/Contents/Resources/app/extensions/node_modules/typescript/lib/tsserver.js:59923:28)\n'[39m +
    [32m'    at checkExpression (/Applications/Visual Studio Code.app/Contents/Resources/app/extensions/node_modules/typescript/lib/tsserver.js:59873:38)\n'[39m +
    [32m'    at checkExpressionCached (/Applications/Visual Studio Code.app/Contents/Resources/app/extensions/node_modules/typescript/lib/tsserver.js:59551:38)\n'[39m +
    [32m'    at getTargetOfAliasLikeExpression (/Applications/Visual Studio Code.app/Contents/Resources/app/extensions/node_modules/typescript/lib/tsserver.js:36306:13)\n'[39m +
    [32m'    at getTargetOfExportAssignment (/Applications/Visual Studio Code.app/Contents/Resources/app/extensions/node_modules/typescript/lib/tsserver.js:36291:28)\n'[39m +
    [32m'    at getTargetOfAliasDeclaration (/Applications/Visual Studio Code.app/Contents/Resources/app/extensions/node_modules/typescript/lib/tsserver.js:36336:28)\n'[39m +
    [32m'    at Object.resolveAlias [as getAliasedSymbol] (/Applications/Visual Studio Code.app/Contents/Resources/app/extensions/node_modules/typescript/lib/tsserver.js:36370:30)\n'[39m +
    [32m'    at Object.skipAlias (/Applications/Visual Studio Code.app/Contents/Resources/app/extensions/node_modules/typescript/lib/tsserver.js:16908:61)\n'[39m +
    [32m'    at /Applications/Visual Studio Code.app/Contents/Resources/app/extensions/node_modules/typescript/lib/tsserver.js:110568:37\n'[39m +
    [32m'    at Object.filterMutate (/Applications/Visual Studio Code.app/Contents/Resources/app/extensions/node_modules/typescript/lib/tsserver.js:384:17)\n'[39m +
    [32m'    at filterGlobalCompletion (/Applications/Visual Studio Code.app/Contents/Resources/app/extensions/node_modules/typescript/lib/tsserver.js:110562:20)\n'[39m +
    [32m'    at getGlobalCompletions (/Applications/Visual Studio Code.app/Contents/Resources/app/extensions/node_modules/typescript/lib/tsserver.js:110526:17)\n'[39m +
    [32m'    at tryGetGlobalSymbols (/Applications/Visual Studio Code.app/Contents/Resources/app/extensions/node_modules/typescript/lib/tsserver.js:110418:25)\n'[39m +
    [32m'    at getCompletionData (/Applications/Visual Studio Code.app/Contents/Resources/app/extensions/node_modules/typescript/lib/tsserver.js:110215:22)\n'[39m +
    [32m'    at getSymbolCompletionFromEntryId (/Applications/Visual Studio Code.app/Contents/Resources/app/extensions/node_modules/typescript/lib/tsserver.js:109819:34)\n'[39m +
    [32m'    at Object.getCompletionEntryDetails (/Applications/Visual Studio Code.app/Contents/Resources/app/extensions/node_modules/typescript/lib/tsserver.js:109859:36)\n'[39m +
    [32m'    at Proxy.getCompletionEntryDetails (/Applications/Visual Studio Code.app/Contents/Resources/app/extensions/node_modules/typescript/lib/tsserver.js:135365:35)\n'[39m +
    [32m'    at Proxy.<anonymous> (/Users/cliff/.vscode/extensions/bierner.lit-html-1.11.1/node_modules/typescript-template-language-service-decorator/lib/template-language-service-decorator.js:96:24)\n'[39m +
    [32m'    at TsLitPlugin.getCompletionEntryDetails (/Users/cliff/.vscode/extensions/runem.lit-plugin-1.1.10/node_modules/ts-lit-plugin/lib/ts-lit-plugin/ts-lit-plugin.js:51:34)\n'[39m +
    [32m'    at /Users/cliff/.vscode/extensions/runem.lit-plugin-1.1.10/node_modules/ts-lit-plugin/lib/decorate-language-service.js:110:30\n'[39m +
    [32m'    at nextLanguageService.<computed> (/Users/cliff/.vscode/extensions/runem.lit-plugin-1.1.10/node_modules/ts-lit-plugin/lib/decorate-language-service.js:57:71)\n'[39m +
    [32m'    at Object.getCompletionEntryDetails (/Users/cliff/.vscode/extensions/runem.lit-plugin-1.1.10/node_modules/ts-lit-plugin/lib/decorate-language-service.js:145:26)\n'[39m +
    [32m'    at /Applications/Visual Studio Code.app/Contents/Resources/app/extensions/node_modules/typescript/lib/tsserver.js:145465:57\n'[39m +
    [32m'    at Object.mapDefined (/Applications/Visual Studio Code.app/Contents/Resources/app/extensions/node_modules/typescript/lib/tsserver.js:562:30)\n'[39m +
    [32m'    at IOSession.Session.getCompletionEntryDetails (/Applications/Visual Studio Code.app/Contents/Resources/app/extensions/node_modules/typescript/lib/tsserver.js:145463:33)\n'[39m +
    [32m'    at Session.handlers.ts.createMapFromTemplate._a.<computed> (/Applications/Visual Studio Code.app/Contents/Resources/app/extensions/node_modules/typescript/lib/tsserver.js:144392:61)\n'[39m +
    [32m'    at /Applications/Visual Studio Code.app/Contents/Resources/app/extensions/node_modules/typescript/lib/tsserver.js:146003:88\n'[39m +
    [32m'    at IOSession.Session.executeWithRequestId (/Applications/Visual Studio Code.app/Contents/Resources/app/extensions/node_modules/typescript/lib/tsserver.js:145994:28)\n'[39m +
    [32m'    at IOSession.Session.executeCommand (/Applications/Visual Studio Code.app/Contents/Resources/app/extensions/node_modules/typescript/lib/tsserver.js:146003:33)\n'[39m +
    [32m'    at IOSession.Session.onMessage (/Applications/Visual Studio Code.app/Contents/Resources/app/extensions/node_modules/typescript/lib/tsserver.js:146027:35)\n'[39m +
    [32m'    at Interface.<anonymous> (/Applications/Visual Studio Code.app/Contents/Resources/app/extensions/node_modules/typescript/lib/tsserver.js:147342:27)\n'[39m +
    [32m'    at Interface.emit (events.js:203:13)\n'[39m +
    [32m'    at Interface._onLine (readline.js:316:10)\n'[39m +
    [32m'    at Interface._normalWrite (readline.js:461:12)\n'[39m +
    [32m'    at Socket.ondata (readline.js:172:10)\n'[39m +
    [32m'    at Socket.emit (events.js:203:13)\n'[39m +
    [32m'    at addChunk (_stream_readable.js:295:12)\n'[39m +
    [32m'    at readableAddChunk (_stream_readable.js:276:11)\n'[39m +
    [32m'    at Socket.Readable.push (_stream_readable.js:210:10)\n'[39m +
    [32m'    at Pipe.onStreamRead (internal/stream_base_commons.js:166:17)) Debug Failure. Expected 1191 <= 1187'[39m,
  Error: Debug Failure. Expected 1191 <= 1187
      at Object.assertLessThanOrEqual (/Applications/Visual Studio Code.app/Contents/Resources/app/extensions/node_modules/[4mtypescript[24m/lib/tsserver.js:2055:17)
      at createFileDiagnostic (/Applications/Visual Studio Code.app/Contents/Resources/app/extensions/node_modules/[4mtypescript[24m/lib/tsserver.js:17233:22)
      at createDiagnosticForNodeInSourceFile (/Applications/Visual Studio Code.app/Contents/Resources/app/extensions/node_modules/[4mtypescript[24m/lib/tsserver.js:13300:16)
      at Object.createDiagnosticForNode (/Applications/Visual Studio Code.app/Contents/Resources/app/extensions/node_modules/[4mtypescript[24m/lib/tsserver.js:13290:16)
      at error (/Applications/Visual Studio Code.app/Contents/Resources/app/extensions/node_modules/[4mtypescript[24m/lib/tsserver.js:34839:22)
      at resolveNameHelper (/Applications/Visual Studio Code.app/Contents/Resources/app/extensions/node_modules/[4mtypescript[24m/lib/tsserver.js:35662:29)
      at resolveName (/Applications/Visual Studio Code.app/Contents/Resources/app/extensions/node_modules/[4mtypescript[24m/lib/tsserver.js:35338:20)
      at getResolvedSymbol (/Applications/Visual Studio Code.app/Contents/Resources/app/extensions/node_modules/[4mtypescript[24m/lib/tsserver.js:51073:21)
      at checkIdentifier (/Applications/Visual Studio Code.app/Contents/Resources/app/extensions/node_modules/[4mtypescript[24m/lib/tsserver.js:52850:26)
      at checkExpressionWorker (/Applications/Visual Studio Code.app/Contents/Resources/app/extensions/node_modules/[4mtypescript[24m/lib/tsserver.js:59923:28)
      at checkExpression (/Applications/Visual Studio Code.app/Contents/Resources/app/extensions/node_modules/[4mtypescript[24m/lib/tsserver.js:59873:38)
      at checkExpressionCached (/Applications/Visual Studio Code.app/Contents/Resources/app/extensions/node_modules/[4mtypescript[24m/lib/tsserver.js:59551:38)
      at getTargetOfAliasLikeExpression (/Applications/Visual Studio Code.app/Contents/Resources/app/extensions/node_modules/[4mtypescript[24m/lib/tsserver.js:36306:13)
      at getTargetOfExportAssignment (/Applications/Visual Studio Code.app/Contents/Resources/app/extensions/node_modules/[4mtypescript[24m/lib/tsserver.js:36291:28)
      at getTargetOfAliasDeclaration (/Applications/Visual Studio Code.app/Contents/Resources/app/extensions/node_modules/[4mtypescript[24m/lib/tsserver.js:36336:28)
      at Object.resolveAlias [as getAliasedSymbol] (/Applications/Visual Studio Code.app/Contents/Resources/app/extensions/node_modules/[4mtypescript[24m/lib/tsserver.js:36370:30)
      at Object.skipAlias (/Applications/Visual Studio Code.app/Contents/Resources/app/extensions/node_modules/[4mtypescript[24m/lib/tsserver.js:16908:61)
      at /Applications/Visual Studio Code.app/Contents/Resources/app/extensions/node_modules/[4mtypescript[24m/lib/tsserver.js:110568:37
      at Object.filterMutate (/Applications/Visual Studio Code.app/Contents/Resources/app/extensions/node_modules/[4mtypescript[24m/lib/tsserver.js:384:17)
      at filterGlobalCompletion (/Applications/Visual Studio Code.app/Contents/Resources/app/extensions/node_modules/[4mtypescript[24m/lib/tsserver.js:110562:20)
      at getGlobalCompletions (/Applications/Visual Studio Code.app/Contents/Resources/app/extensions/node_modules/[4mtypescript[24m/lib/tsserver.js:110526:17)
      at tryGetGlobalSymbols (/Applications/Visual Studio Code.app/Contents/Resources/app/extensions/node_modules/[4mtypescript[24m/lib/tsserver.js:110418:25)
      at getCompletionData (/Applications/Visual Studio Code.app/Contents/Resources/app/extensions/node_modules/[4mtypescript[24m/lib/tsserver.js:110215:22)
      at getSymbolCompletionFromEntryId (/Applications/Visual Studio Code.app/Contents/Resources/app/extensions/node_modules/[4mtypescript[24m/lib/tsserver.js:109819:34)
      at Object.getCompletionEntryDetails (/Applications/Visual Studio Code.app/Contents/Resources/app/extensions/node_modules/[4mtypescript[24m/lib/tsserver.js:109859:36)
      at Proxy.getCompletionEntryDetails (/Applications/Visual Studio Code.app/Contents/Resources/app/extensions/node_modules/[4mtypescript[24m/lib/tsserver.js:135365:35)
      at Proxy.<anonymous> (/Users/cliff/.vscode/extensions/bierner.lit-html-1.11.1/node_modules/[4mtypescript-template-language-service-decorator[24m/lib/template-language-service-decorator.js:96:24)
      at TsLitPlugin.getCompletionEntryDetails (/Users/cliff/.vscode/extensions/runem.lit-plugin-1.1.10/node_modules/[4mts-lit-plugin[24m/lib/ts-lit-plugin/ts-lit-plugin.js:51:34)
      at /Users/cliff/.vscode/extensions/runem.lit-plugin-1.1.10/node_modules/[4mts-lit-plugin[24m/lib/decorate-language-service.js:110:30
      at nextLanguageService.<computed> (/Users/cliff/.vscode/extensions/runem.lit-plugin-1.1.10/node_modules/[4mts-lit-plugin[24m/lib/decorate-language-service.js:57:71)
      at Object.getCompletionEntryDetails (/Users/cliff/.vscode/extensions/runem.lit-plugin-1.1.10/node_modules/[4mts-lit-plugin[24m/lib/decorate-language-service.js:145:26)
      at /Applications/Visual Studio Code.app/Contents/Resources/app/extensions/node_modules/[4mtypescript[24m/lib/tsserver.js:145465:57
      at Object.mapDefined (/Applications/Visual Studio Code.app/Contents/Resources/app/extensions/node_modules/[4mtypescript[24m/lib/tsserver.js:562:30)
      at IOSession.Session.getCompletionEntryDetails (/Applications/Visual Studio Code.app/Contents/Resources/app/extensions/node_modules/[4mtypescript[24m/lib/tsserver.js:145463:33)
      at Session.handlers.ts.createMapFromTemplate._a.<computed> (/Applications/Visual Studio Code.app/Contents/Resources/app/extensions/node_modules/[4mtypescript[24m/lib/tsserver.js:144392:61)
      at /Applications/Visual Studio Code.app/Contents/Resources/app/extensions/node_modules/[4mtypescript[24m/lib/tsserver.js:146003:88
      at IOSession.Session.executeWithRequestId (/Applications/Visual Studio Code.app/Contents/Resources/app/extensions/node_modules/[4mtypescript[24m/lib/tsserver.js:145994:28)
      at IOSession.Session.executeCommand (/Applications/Visual Studio Code.app/Contents/Resources/app/extensions/node_modules/[4mtypescript[24m/lib/tsserver.js:146003:33)
      at IOSession.Session.onMessage (/Applications/Visual Studio Code.app/Contents/Resources/app/extensions/node_modules/[4mtypescript[24m/lib/tsserver.js:146027:35)
      at Interface.<anonymous> (/Applications/Visual Studio Code.app/Contents/Resources/app/extensions/node_modules/[4mtypescript[24m/lib/tsserver.js:147342:27)
  [90m    at Interface.emit (events.js:203:13)[39m
  [90m    at Interface._onLine (readline.js:316:10)[39m
  [90m    at Interface._normalWrite (readline.js:461:12)[39m
  [90m    at Socket.ondata (readline.js:172:10)[39m
  [90m    at Socket.emit (events.js:203:13)[39m
  [90m    at addChunk (_stream_readable.js:295:12)[39m
  [90m    at readableAddChunk (_stream_readable.js:276:11)[39m
  [90m    at Socket.Readable.push (_stream_readable.js:210:10)[39m
  [90m    at Pipe.onStreamRead (internal/stream_base_commons.js:166:17)[39m
]
[3/26/2020, 1:19:52 PM] [[31mERROR[0m] [
  [32m'Error [getQuickInfoAtPosition]: (undefined) undefined'[39m,
  OperationCanceledException {}
]
